-------------------------------------------------------------------------------
Test set: com.devsenior.juanfe.service.LoanServiceTest
-------------------------------------------------------------------------------
Tests run: 7, Failures: 2, Errors: 0, Skipped: 0, Time elapsed: 1.742 s <<< FAILURE! -- in com.devsenior.juanfe.service.LoanServiceTest
com.devsenior.juanfe.service.LoanServiceTest.testLoanBookWhenBookAlreadyLoaned -- Time elapsed: 0.031 s <<< FAILURE!
org.opentest4j.AssertionFailedError: Expected com.devsenior.juanfe.Exceptions.BookNotAvailableException to be thrown, but nothing was thrown.
	at org.junit.jupiter.api.AssertionFailureBuilder.build(AssertionFailureBuilder.java:152)
	at org.junit.jupiter.api.AssertThrows.assertThrows(AssertThrows.java:73)
	at org.junit.jupiter.api.AssertThrows.assertThrows(AssertThrows.java:35)
	at org.junit.jupiter.api.Assertions.assertThrows(Assertions.java:3128)
	at com.devsenior.juanfe.service.LoanServiceTest.testLoanBookWhenBookAlreadyLoaned(LoanServiceTest.java:83)
	at java.base/java.lang.reflect.Method.invoke(Method.java:580)
	at java.base/java.util.ArrayList.forEach(ArrayList.java:1596)
	at java.base/java.util.ArrayList.forEach(ArrayList.java:1596)

com.devsenior.juanfe.service.LoanServiceTest.testLoanBookWhenExistingUserAndBook -- Time elapsed: 0.008 s <<< FAILURE!
org.opentest4j.AssertionFailedError: expected: <1> but was: <0>
	at org.junit.jupiter.api.AssertionFailureBuilder.build(AssertionFailureBuilder.java:151)
	at org.junit.jupiter.api.AssertionFailureBuilder.buildAndThrow(AssertionFailureBuilder.java:132)
	at org.junit.jupiter.api.AssertEquals.failNotEqual(AssertEquals.java:197)
	at org.junit.jupiter.api.AssertEquals.assertEquals(AssertEquals.java:150)
	at org.junit.jupiter.api.AssertEquals.assertEquals(AssertEquals.java:145)
	at org.junit.jupiter.api.Assertions.assertEquals(Assertions.java:531)
	at com.devsenior.juanfe.service.LoanServiceTest.testLoanBookWhenExistingUserAndBook(LoanServiceTest.java:54)
	at java.base/java.lang.reflect.Method.invoke(Method.java:580)
	at java.base/java.util.ArrayList.forEach(ArrayList.java:1596)
	at java.base/java.util.ArrayList.forEach(ArrayList.java:1596)

